app/build/intermediates/manifest_merge_blame_file/debug/manifest-merger-blame-debug-report.txt
1<?xml version="1.0" encoding="utf-8"?>
2<manifest xmlns:android="http://schemas.android.com/apk/res/android"
3    package="com.raywenderlich.android.whysoserious"
4    android:versionCode="1"
5    android:versionName="1.0" >
6
7    <uses-sdk
8        android:minSdkVersion="19"
8-->src\main\AndroidManifest.xml
9        android:targetSdkVersion="29" />
9-->src\main\AndroidManifest.xml
10    <!-- Although the *SdkVersion is captured in gradle build files, this is required for non gradle builds -->
11    <!-- <uses-sdk android:minSdkVersion="14"/> -->
12    <uses-permission android:name="android.permission.ACCESS_NETWORK_STATE" />
12-->[com.google.firebase:firebase-database:19.3.1] AndroidManifest.xml:25:5-79
12-->[com.google.firebase:firebase-database:19.3.1] AndroidManifest.xml:25:22-76
13    <uses-permission android:name="android.permission.INTERNET" />
13-->[com.google.firebase:firebase-database:19.3.1] AndroidManifest.xml:26:5-67
13-->[com.google.firebase:firebase-database:19.3.1] AndroidManifest.xml:26:22-64
14    <uses-permission android:name="android.permission.WAKE_LOCK" />
14-->[com.google.android.gms:play-services-measurement-api:17.4.4] AndroidManifest.xml:24:5-68
14-->[com.google.android.gms:play-services-measurement-api:17.4.4] AndroidManifest.xml:24:22-65
15    <uses-permission android:name="com.google.android.finsky.permission.BIND_GET_INSTALL_REFERRER_SERVICE" />
15-->[com.google.android.gms:play-services-measurement:17.4.4] AndroidManifest.xml:26:5-110
15-->[com.google.android.gms:play-services-measurement:17.4.4] AndroidManifest.xml:26:22-107
16
17    <application
17-->src\main\AndroidManifest.xml:5:3-42:17
18        android:name="com.raywenderlich.android.whysoserious.App"
18-->src\main\AndroidManifest.xml:6:7-26
19        android:allowBackup="true"
19-->src\main\AndroidManifest.xml:7:7-33
20        android:appComponentFactory="androidx.core.app.CoreComponentFactory"
20-->[androidx.core:core:1.3.0] AndroidManifest.xml:24:18-86
21        android:debuggable="true"
22        android:icon="@mipmap/ic_launcher"
22-->src\main\AndroidManifest.xml:8:7-41
23        android:label="@string/app_name"
23-->src\main\AndroidManifest.xml:9:7-39
24        android:roundIcon="@mipmap/ic_launcher_round"
24-->src\main\AndroidManifest.xml:10:7-52
25        android:supportsRtl="true"
25-->src\main\AndroidManifest.xml:11:7-33
26        android:testOnly="true"
27        android:theme="@style/AppTheme" >
27-->src\main\AndroidManifest.xml:12:7-38
28        <activity android:name="com.raywenderlich.android.whysoserious.ui.welcome.WelcomeActivity" >
28-->src\main\AndroidManifest.xml:14:5-20:16
28-->src\main\AndroidManifest.xml:14:15-57
29            <intent-filter>
29-->src\main\AndroidManifest.xml:15:7-19:23
30                <action android:name="android.intent.action.MAIN" />
30-->src\main\AndroidManifest.xml:16:9-60
30-->src\main\AndroidManifest.xml:16:17-58
31
32                <category android:name="android.intent.category.LAUNCHER" />
32-->src\main\AndroidManifest.xml:18:9-68
32-->src\main\AndroidManifest.xml:18:19-66
33            </intent-filter>
34        </activity>
35        <activity
35-->src\main\AndroidManifest.xml:22:5-25:71
36            android:name="com.raywenderlich.android.whysoserious.ui.login.LoginActivity"
36-->src\main\AndroidManifest.xml:23:9-47
37            android:screenOrientation="portrait"
37-->src\main\AndroidManifest.xml:24:9-45
38            android:windowSoftInputMode="stateAlwaysHidden|adjustResize" />
38-->src\main\AndroidManifest.xml:25:9-69
39        <activity
39-->src\main\AndroidManifest.xml:27:5-30:71
40            android:name="com.raywenderlich.android.whysoserious.ui.register.RegisterActivity"
40-->src\main\AndroidManifest.xml:28:9-53
41            android:screenOrientation="portrait"
41-->src\main\AndroidManifest.xml:29:9-45
42            android:windowSoftInputMode="stateAlwaysHidden|adjustResize" />
42-->src\main\AndroidManifest.xml:30:9-69
43        <activity android:name="com.raywenderlich.android.whysoserious.ui.verizon.VerizonActivity" >
43-->src\main\AndroidManifest.xml:32:1-36:12
43-->src\main\AndroidManifest.xml:32:11-53
44        </activity>
45        <activity
45-->src\main\AndroidManifest.xml:38:5-41:43
46            android:name="com.raywenderlich.android.whysoserious.ui.main.MainActivity"
46-->src\main\AndroidManifest.xml:39:9-45
47            android:screenOrientation="portrait"
47-->src\main\AndroidManifest.xml:40:9-45
48            android:theme="@style/MainTheme" />
48-->src\main\AndroidManifest.xml:41:9-41
49        <activity
49-->[com.google.firebase:firebase-auth:19.3.2] AndroidManifest.xml:24:9-31:50
50            android:name="com.google.firebase.auth.internal.FederatedSignInActivity"
50-->[com.google.firebase:firebase-auth:19.3.2] AndroidManifest.xml:25:13-85
51            android:excludeFromRecents="true"
51-->[com.google.firebase:firebase-auth:19.3.2] AndroidManifest.xml:26:13-46
52            android:exported="true"
52-->[com.google.firebase:firebase-auth:19.3.2] AndroidManifest.xml:27:13-36
53            android:launchMode="singleTask"
53-->[com.google.firebase:firebase-auth:19.3.2] AndroidManifest.xml:28:13-44
54            android:permission="com.google.firebase.auth.api.gms.permission.LAUNCH_FEDERATED_SIGN_IN"
54-->[com.google.firebase:firebase-auth:19.3.2] AndroidManifest.xml:29:13-102
55            android:theme="@android:style/Theme.Translucent.NoTitleBar" />
55-->[com.google.firebase:firebase-auth:19.3.2] AndroidManifest.xml:30:13-72
56
57        <service
57-->[com.google.firebase:firebase-auth:19.3.2] AndroidManifest.xml:33:9-39:19
58            android:name="com.google.firebase.components.ComponentDiscoveryService"
58-->[com.google.firebase:firebase-auth:19.3.2] AndroidManifest.xml:34:13-84
59            android:directBootAware="true"
59-->[com.google.firebase:firebase-common:19.3.0] AndroidManifest.xml:34:13-43
60            android:exported="false" >
60-->[com.google.firebase:firebase-auth:19.3.2] AndroidManifest.xml:35:13-37
61            <meta-data
61-->[com.google.firebase:firebase-auth:19.3.2] AndroidManifest.xml:36:13-38:85
62                android:name="com.google.firebase.components:com.google.firebase.auth.FirebaseAuthRegistrar"
62-->[com.google.firebase:firebase-auth:19.3.2] AndroidManifest.xml:37:17-109
63                android:value="com.google.firebase.components.ComponentRegistrar" />
63-->[com.google.firebase:firebase-auth:19.3.2] AndroidManifest.xml:38:17-82
64            <meta-data
64-->[com.google.firebase:firebase-database:19.3.1] AndroidManifest.xml:32:13-34:85
65                android:name="com.google.firebase.components:com.google.firebase.database.DatabaseRegistrar"
65-->[com.google.firebase:firebase-database:19.3.1] AndroidManifest.xml:33:17-109
66                android:value="com.google.firebase.components.ComponentRegistrar" />
66-->[com.google.firebase:firebase-database:19.3.1] AndroidManifest.xml:34:17-82
67            <meta-data
67-->[com.google.android.gms:play-services-measurement-api:17.4.4] AndroidManifest.xml:30:13-32:85
68                android:name="com.google.firebase.components:com.google.firebase.analytics.connector.internal.AnalyticsConnectorRegistrar"
68-->[com.google.android.gms:play-services-measurement-api:17.4.4] AndroidManifest.xml:31:17-139
69                android:value="com.google.firebase.components.ComponentRegistrar" />
69-->[com.google.android.gms:play-services-measurement-api:17.4.4] AndroidManifest.xml:32:17-82
70            <meta-data
70-->[com.google.firebase:firebase-installations:16.3.2] AndroidManifest.xml:17:13-19:85
71                android:name="com.google.firebase.components:com.google.firebase.installations.FirebaseInstallationsRegistrar"
71-->[com.google.firebase:firebase-installations:16.3.2] AndroidManifest.xml:18:17-127
72                android:value="com.google.firebase.components.ComponentRegistrar" />
72-->[com.google.firebase:firebase-installations:16.3.2] AndroidManifest.xml:19:17-82
73        </service>
74
75        <activity
75-->[com.google.android.gms:play-services-base:17.1.0] AndroidManifest.xml:23:9-26:75
76            android:name="com.google.android.gms.common.api.GoogleApiActivity"
76-->[com.google.android.gms:play-services-base:17.1.0] AndroidManifest.xml:24:13-79
77            android:exported="false"
77-->[com.google.android.gms:play-services-base:17.1.0] AndroidManifest.xml:25:13-37
78            android:theme="@android:style/Theme.Translucent.NoTitleBar" />
78-->[com.google.android.gms:play-services-base:17.1.0] AndroidManifest.xml:26:13-72
79
80        <provider
80-->[com.google.firebase:firebase-common:19.3.0] AndroidManifest.xml:26:9-30:39
81            android:name="com.google.firebase.provider.FirebaseInitProvider"
81-->[com.google.firebase:firebase-common:19.3.0] AndroidManifest.xml:27:13-77
82            android:authorities="com.raywenderlich.android.whysoserious.firebaseinitprovider"
82-->[com.google.firebase:firebase-common:19.3.0] AndroidManifest.xml:28:13-72
83            android:exported="false"
83-->[com.google.firebase:firebase-common:19.3.0] AndroidManifest.xml:29:13-37
84            android:initOrder="100" />
84-->[com.google.firebase:firebase-common:19.3.0] AndroidManifest.xml:30:13-36
85
86        <receiver
86-->[com.google.android.gms:play-services-measurement:17.4.4] AndroidManifest.xml:29:9-33:20
87            android:name="com.google.android.gms.measurement.AppMeasurementReceiver"
87-->[com.google.android.gms:play-services-measurement:17.4.4] AndroidManifest.xml:30:13-85
88            android:enabled="true"
88-->[com.google.android.gms:play-services-measurement:17.4.4] AndroidManifest.xml:31:13-35
89            android:exported="false" >
89-->[com.google.android.gms:play-services-measurement:17.4.4] AndroidManifest.xml:32:13-37
90        </receiver>
91
92        <service
92-->[com.google.android.gms:play-services-measurement:17.4.4] AndroidManifest.xml:35:9-38:40
93            android:name="com.google.android.gms.measurement.AppMeasurementService"
93-->[com.google.android.gms:play-services-measurement:17.4.4] AndroidManifest.xml:36:13-84
94            android:enabled="true"
94-->[com.google.android.gms:play-services-measurement:17.4.4] AndroidManifest.xml:37:13-35
95            android:exported="false" />
95-->[com.google.android.gms:play-services-measurement:17.4.4] AndroidManifest.xml:38:13-37
96        <service
96-->[com.google.android.gms:play-services-measurement:17.4.4] AndroidManifest.xml:39:9-43:72
97            android:name="com.google.android.gms.measurement.AppMeasurementJobService"
97-->[com.google.android.gms:play-services-measurement:17.4.4] AndroidManifest.xml:40:13-87
98            android:enabled="true"
98-->[com.google.android.gms:play-services-measurement:17.4.4] AndroidManifest.xml:41:13-35
99            android:exported="false"
99-->[com.google.android.gms:play-services-measurement:17.4.4] AndroidManifest.xml:42:13-37
100            android:permission="android.permission.BIND_JOB_SERVICE" />
100-->[com.google.android.gms:play-services-measurement:17.4.4] AndroidManifest.xml:43:13-69
101
102        <meta-data
102-->[com.google.android.gms:play-services-basement:17.0.0] AndroidManifest.xml:23:9-25:69
103            android:name="com.google.android.gms.version"
103-->[com.google.android.gms:play-services-basement:17.0.0] AndroidManifest.xml:24:13-58
104            android:value="@integer/google_play_services_version" />
104-->[com.google.android.gms:play-services-basement:17.0.0] AndroidManifest.xml:25:13-66
105    </application>
106
107</manifest>